{
  "stats": {
    "suites": 0,
    "tests": 1,
    "passes": 1,
    "pending": 0,
    "failures": 0,
    "start": "2024-08-22T23:14:56.828Z",
    "end": "2024-08-22T23:15:04.777Z",
    "duration": 7949,
    "testsRegistered": 1,
    "passPercent": 100,
    "pendingPercent": 0,
    "other": 0,
    "hasOther": false,
    "skipped": 0,
    "hasSkipped": false
  },
  "results": [
    {
      "uuid": "c325a18d-f800-4731-a655-d2fb680d5dbd",
      "title": "",
      "fullFile": "cypress\\e2e\\portwithPOtest1.cy.js",
      "file": "cypress\\e2e\\portwithPOtest1.cy.js",
      "beforeHooks": [],
      "afterHooks": [],
      "tests": [
        {
          "title": "PortnovLogIn",
          "fullTitle": "PortnovLogIn",
          "timedOut": null,
          "duration": 3869,
          "state": "passed",
          "speed": "fast",
          "pass": true,
          "fail": false,
          "pending": false,
          "context": null,
          "code": "//cy.visit('http://ask-int.portnov.com/#/login') // что бы было красивее добавил enterPage в page object\nloginPage.enterPage();\nloginPage.enterUsername('teacherBP1@gmail.com');\nloginPage.enterPassword('12345');\nloginPage.clickLogin();",
          "err": {},
          "uuid": "8b8cb539-cc7c-40ec-a5c0-707e6861b023",
          "parentUUID": "c325a18d-f800-4731-a655-d2fb680d5dbd",
          "isHook": false,
          "skipped": false
        }
      ],
      "suites": [],
      "passes": [
        "8b8cb539-cc7c-40ec-a5c0-707e6861b023"
      ],
      "failures": [],
      "pending": [],
      "skipped": [],
      "duration": 3869,
      "root": true,
      "rootEmpty": false,
      "_timeout": 2000
    }
  ],
  "meta": {
    "mocha": {
      "version": "7.0.1"
    },
    "mochawesome": {
      "options": {
        "quiet": false,
        "reportFilename": "mochawesome",
        "saveHtml": false,
        "saveJson": true,
        "consoleReporter": "spec",
        "useInlineDiffs": false,
        "code": true
      },
      "version": "7.1.3"
    },
    "marge": {
      "options": {
        "charts": true,
        "overwrite": false,
        "html": false,
        "json": true,
        "reportDir": "cypress/report"
      },
      "version": "6.2.0"
    }
  }
}