{
  "stats": {
    "suites": 1,
    "tests": 3,
    "passes": 3,
    "pending": 1,
    "failures": -1,
    "start": "2024-08-22T23:15:23.069Z",
    "end": "2024-08-22T23:15:36.319Z",
    "duration": 13250,
    "testsRegistered": 4,
    "passPercent": 100,
    "pendingPercent": 25,
    "other": 1,
    "hasOther": true,
    "skipped": 0,
    "hasSkipped": false
  },
  "results": [
    {
      "uuid": "cf374ead-cd01-402c-961a-f2b7b2e872cd",
      "title": "",
      "fullFile": "cypress\\e2e\\portwithPOtest3.cy.js",
      "file": "cypress\\e2e\\portwithPOtest3.cy.js",
      "beforeHooks": [],
      "afterHooks": [],
      "tests": [],
      "suites": [
        {
          "uuid": "352e8434-7fcc-437f-a7a5-6b7b79bdd850",
          "title": "All login tests",
          "fullFile": "",
          "file": "",
          "beforeHooks": [],
          "afterHooks": [],
          "tests": [
            {
              "title": "PortnovLogin2",
              "fullTitle": "All login tests PortnovLogin2",
              "timedOut": null,
              "duration": 5035,
              "state": "passed",
              "speed": "medium",
              "pass": true,
              "fail": false,
              "pending": false,
              "context": null,
              "code": "Login.login(); // login для связи с page object и выполнения действий в нём\ncy.contains('Quizzes').click();",
              "err": {},
              "uuid": "f3ff6443-6842-42b6-97b7-04cfb88c1c8b",
              "parentUUID": "352e8434-7fcc-437f-a7a5-6b7b79bdd850",
              "isHook": false,
              "skipped": false
            },
            {
              "title": "PortnovLogIn valid data",
              "fullTitle": "All login tests PortnovLogIn valid data",
              "timedOut": null,
              "duration": 2336,
              "state": "passed",
              "speed": "fast",
              "pass": true,
              "fail": false,
              "pending": false,
              "context": null,
              "code": "loginPage.enterPage();\nloginPage.enterUsername('teacherBP1@gmail.com');\nloginPage.enterPassword('12345');\nloginPage.clickLogin();\ncy.contains('Quizzes').click(); // с неверным паролем не нажмёт и выдаст ошибку",
              "err": {},
              "uuid": "988f4aad-22dc-4aca-8c15-558f1ef288d0",
              "parentUUID": "352e8434-7fcc-437f-a7a5-6b7b79bdd850",
              "isHook": false,
              "skipped": false
            },
            {
              "title": "PortnovLogIn invalid data",
              "fullTitle": "All login tests PortnovLogIn invalid data",
              "timedOut": null,
              "duration": 0,
              "state": "pending",
              "speed": null,
              "pass": false,
              "fail": false,
              "pending": true,
              "context": null,
              "code": "// it.skip- пропустит тест/ it.only - запустит только один тест, другие не покажет\nloginPage.enterPage();\nloginPage.enterUsername('teacherBP1@gmail.com');\nloginPage.enterPassword('123451');\nloginPage.clickLogin();\ncy.contains('Quizzes').click(); // с неверным паролем не нажмёт и выдаст ошибку",
              "err": {},
              "uuid": "2d2e94f8-7d9a-4b69-97db-5d6d043e2f7c",
              "parentUUID": "352e8434-7fcc-437f-a7a5-6b7b79bdd850",
              "isHook": false,
              "skipped": false
            },
            {
              "title": "PortnovLogIn invalid data",
              "fullTitle": "All login tests PortnovLogIn invalid data",
              "timedOut": null,
              "duration": 1503,
              "state": "passed",
              "speed": "fast",
              "pass": true,
              "fail": false,
              "pending": false,
              "context": null,
              "code": "// it.skip- пропустит тест/ it.only - запустит только один тест, другие не покажет\nloginPage.enterPage();\nloginPage.enterUsername('teacherBP1@gmail.com');\nloginPage.enterPassword('123451');\nloginPage.clickLogin();",
              "err": {},
              "uuid": "6888efd6-68b4-47d3-a13b-f8b8eb5b4aeb",
              "parentUUID": "352e8434-7fcc-437f-a7a5-6b7b79bdd850",
              "isHook": false,
              "skipped": false
            }
          ],
          "suites": [],
          "passes": [
            "f3ff6443-6842-42b6-97b7-04cfb88c1c8b",
            "988f4aad-22dc-4aca-8c15-558f1ef288d0",
            "6888efd6-68b4-47d3-a13b-f8b8eb5b4aeb"
          ],
          "failures": [],
          "pending": [
            "2d2e94f8-7d9a-4b69-97db-5d6d043e2f7c"
          ],
          "skipped": [],
          "duration": 8874,
          "root": false,
          "rootEmpty": false,
          "_timeout": 2000
        }
      ],
      "passes": [],
      "failures": [],
      "pending": [],
      "skipped": [],
      "duration": 0,
      "root": true,
      "rootEmpty": true,
      "_timeout": 2000
    }
  ],
  "meta": {
    "mocha": {
      "version": "7.0.1"
    },
    "mochawesome": {
      "options": {
        "quiet": false,
        "reportFilename": "mochawesome",
        "saveHtml": false,
        "saveJson": true,
        "consoleReporter": "spec",
        "useInlineDiffs": false,
        "code": true
      },
      "version": "7.1.3"
    },
    "marge": {
      "options": {
        "charts": true,
        "overwrite": false,
        "html": false,
        "json": true,
        "reportDir": "cypress/report"
      },
      "version": "6.2.0"
    }
  }
}