{
  "stats": {
    "suites": 0,
    "tests": 1,
    "passes": 1,
    "pending": 0,
    "failures": 0,
    "start": "2024-08-22T23:13:35.747Z",
    "end": "2024-08-22T23:13:42.380Z",
    "duration": 6633,
    "testsRegistered": 1,
    "passPercent": 100,
    "pendingPercent": 0,
    "other": 0,
    "hasOther": false,
    "skipped": 0,
    "hasSkipped": false
  },
  "results": [
    {
      "uuid": "4558be66-7400-4a40-ab22-b442dd6079e7",
      "title": "",
      "fullFile": "cypress\\e2e\\assertionsDEMO.cy.js",
      "file": "cypress\\e2e\\assertionsDEMO.cy.js",
      "beforeHooks": [],
      "afterHooks": [],
      "tests": [
        {
          "title": "Assertions Demo name",
          "fullTitle": "Assertions Demo name",
          "timedOut": null,
          "duration": 2311,
          "state": "passed",
          "speed": "fast",
          "pass": true,
          "fail": false,
          "pending": false,
          "context": null,
          "code": "// так сработал, объект не втден в css  display: none \ncy.visit('https://example.cypress.io'); // но при принудительном нажатие всё сработало { force: true }\ncy.contains('Querying').click({\n  force: true\n});\ncy.get('#query-btn').should('contain', 'Button') //  подтверждает что элемент '#query-btn' сожержит текст 'Button'\n.and('have.class', 'query-btn') //  подтверждает что элемент '#query-btn' сожержит только текст 'Button'\n.and('be.visible') //  подтверждает что элемент '#query-btn'видимый\n.and('be.enabled'); //  что он вкл. но если выбрать disabled то будет ошибка  \n//.should('be.focus')         он сказал то же что и иметь хз оба варианта выдали ошибки  \nexpect(true).to.be.true;\nassert.equal(4, 4, 'NOT EQUAL'); // не понял чё чему равер но есло 4 выбрать как текст '4' то тест пройдёт а 5 нет и 3 иак же",
          "err": {},
          "uuid": "76b0c304-841a-4a99-816a-535fa7cbad3d",
          "parentUUID": "4558be66-7400-4a40-ab22-b442dd6079e7",
          "isHook": false,
          "skipped": false
        }
      ],
      "suites": [],
      "passes": [
        "76b0c304-841a-4a99-816a-535fa7cbad3d"
      ],
      "failures": [],
      "pending": [],
      "skipped": [],
      "duration": 2311,
      "root": true,
      "rootEmpty": false,
      "_timeout": 2000
    }
  ],
  "meta": {
    "mocha": {
      "version": "7.0.1"
    },
    "mochawesome": {
      "options": {
        "quiet": false,
        "reportFilename": "mochawesome",
        "saveHtml": false,
        "saveJson": true,
        "consoleReporter": "spec",
        "useInlineDiffs": false,
        "code": true
      },
      "version": "7.1.3"
    },
    "marge": {
      "options": {
        "charts": true,
        "overwrite": false,
        "html": false,
        "json": true,
        "reportDir": "cypress/report"
      },
      "version": "6.2.0"
    }
  }
}