{
  "stats": {
    "suites": 0,
    "tests": 3,
    "passes": 3,
    "pending": 0,
    "failures": 0,
    "start": "2024-08-22T23:15:40.845Z",
    "end": "2024-08-22T23:15:41.557Z",
    "duration": 712,
    "testsRegistered": 3,
    "passPercent": 100,
    "pendingPercent": 0,
    "other": 0,
    "hasOther": false,
    "skipped": 0,
    "hasSkipped": false
  },
  "results": [
    {
      "uuid": "57a933d2-254a-4906-bbe5-095d29d58f1d",
      "title": "",
      "fullFile": "cypress\\e2e\\readwritefilesdemo.cy.js",
      "file": "cypress\\e2e\\readwritefilesdemo.cy.js",
      "beforeHooks": [],
      "afterHooks": [],
      "tests": [
        {
          "title": "Read files using Fixture",
          "fullTitle": "Read files using Fixture",
          "timedOut": null,
          "duration": 446,
          "state": "passed",
          "speed": "fast",
          "pass": true,
          "fail": false,
          "pending": false,
          "context": null,
          "code": "cy.fixture('example.json').then(data => {\n  cy.log(data.name);\n  cy.log(data.email);\n});\ncy.log(this.test_data.name);",
          "err": {},
          "uuid": "49c61095-5c93-46f4-958e-65b5ada23379",
          "parentUUID": "57a933d2-254a-4906-bbe5-095d29d58f1d",
          "isHook": false,
          "skipped": false
        },
        {
          "title": "Read files using readFiles()",
          "fullTitle": "Read files using readFiles()",
          "timedOut": null,
          "duration": 78,
          "state": "passed",
          "speed": "fast",
          "pass": true,
          "fail": false,
          "pending": false,
          "context": null,
          "code": "cy.readFile('./cypress/fixtures/example.json').then(data => {\n  cy.log(data.name);\n});",
          "err": {},
          "uuid": "63c8347e-fb37-4e9e-a5cf-146ee47484bb",
          "parentUUID": "57a933d2-254a-4906-bbe5-095d29d58f1d",
          "isHook": false,
          "skipped": false
        },
        {
          "title": "Write file demo",
          "fullTitle": "Write file demo",
          "timedOut": null,
          "duration": 60,
          "state": "passed",
          "speed": "fast",
          "pass": true,
          "fail": false,
          "pending": false,
          "context": null,
          "code": "cy.writeFile('sample.txt', 'Hi Im Rumpel\\n');\ncy.writeFile('sample.txt', 'Im learning Cypress', {\n  flag: 'a+'\n});",
          "err": {},
          "uuid": "b6be5d89-2168-4f88-a692-c8618bc973b0",
          "parentUUID": "57a933d2-254a-4906-bbe5-095d29d58f1d",
          "isHook": false,
          "skipped": false
        }
      ],
      "suites": [],
      "passes": [
        "49c61095-5c93-46f4-958e-65b5ada23379",
        "63c8347e-fb37-4e9e-a5cf-146ee47484bb",
        "b6be5d89-2168-4f88-a692-c8618bc973b0"
      ],
      "failures": [],
      "pending": [],
      "skipped": [],
      "duration": 584,
      "root": true,
      "rootEmpty": false,
      "_timeout": 2000
    }
  ],
  "meta": {
    "mocha": {
      "version": "7.0.1"
    },
    "mochawesome": {
      "options": {
        "quiet": false,
        "reportFilename": "mochawesome",
        "saveHtml": false,
        "saveJson": true,
        "consoleReporter": "spec",
        "useInlineDiffs": false,
        "code": true
      },
      "version": "7.1.3"
    },
    "marge": {
      "options": {
        "charts": true,
        "overwrite": false,
        "html": false,
        "json": true,
        "reportDir": "cypress/report"
      },
      "version": "6.2.0"
    }
  }
}