{
  "stats": {
    "suites": 0,
    "tests": 2,
    "passes": 2,
    "pending": 0,
    "failures": 0,
    "start": "2024-08-22T23:13:47.015Z",
    "end": "2024-08-22T23:13:53.414Z",
    "duration": 6399,
    "testsRegistered": 2,
    "passPercent": 100,
    "pendingPercent": 0,
    "other": 0,
    "hasOther": false,
    "skipped": 0,
    "hasSkipped": false
  },
  "results": [
    {
      "uuid": "56a5bbf8-5165-4dd6-977a-63ad36a4088f",
      "title": "",
      "fullFile": "cypress\\e2e\\fileuploadanddonloadDEMO.cy.js",
      "file": "cypress\\e2e\\fileuploadanddonloadDEMO.cy.js",
      "beforeHooks": [],
      "afterHooks": [],
      "tests": [
        {
          "title": "File upload test",
          "fullTitle": "File upload test",
          "timedOut": null,
          "duration": 1022,
          "state": "passed",
          "speed": "fast",
          "pass": true,
          "fail": false,
          "pending": false,
          "context": null,
          "code": "cy.visit('https://trytestingthis.netlify.app/');\ncy.get('#myfile').attachFile('20210603_124907.jpg'); // attachFile для выгрузки файла",
          "err": {},
          "uuid": "d089b76c-f95b-40d3-ac3c-e8aeedae774c",
          "parentUUID": "56a5bbf8-5165-4dd6-977a-63ad36a4088f",
          "isHook": false,
          "skipped": false
        },
        {
          "title": "File download test",
          "fullTitle": "File download test",
          "timedOut": null,
          "duration": 786,
          "state": "passed",
          "speed": "fast",
          "pass": true,
          "fail": false,
          "pending": false,
          "context": null,
          "code": "cy.downloadFile('https://upload.wikimedia.org/wikipedia/en/a/a9/Example.jpg', 'mydownloads', 'example.jpg'); //downloadFile для загрузки файла",
          "err": {},
          "uuid": "7e3d274a-37f3-4833-8c2f-bfbad3f4e9e1",
          "parentUUID": "56a5bbf8-5165-4dd6-977a-63ad36a4088f",
          "isHook": false,
          "skipped": false
        }
      ],
      "suites": [],
      "passes": [
        "d089b76c-f95b-40d3-ac3c-e8aeedae774c",
        "7e3d274a-37f3-4833-8c2f-bfbad3f4e9e1"
      ],
      "failures": [],
      "pending": [],
      "skipped": [],
      "duration": 1808,
      "root": true,
      "rootEmpty": false,
      "_timeout": 2000
    }
  ],
  "meta": {
    "mocha": {
      "version": "7.0.1"
    },
    "mochawesome": {
      "options": {
        "quiet": false,
        "reportFilename": "mochawesome",
        "saveHtml": false,
        "saveJson": true,
        "consoleReporter": "spec",
        "useInlineDiffs": false,
        "code": true
      },
      "version": "7.1.3"
    },
    "marge": {
      "options": {
        "charts": true,
        "overwrite": false,
        "html": false,
        "json": true,
        "reportDir": "cypress/report"
      },
      "version": "6.2.0"
    }
  }
}